-------------------------------------------------------------------------------
Test set: za.ac.cput.assignment1.YasmeenClassTest
-------------------------------------------------------------------------------
Tests run: 5, Failures: 1, Errors: 0, Skipped: 1, Time elapsed: 0.057 s <<< FAILURE! - in za.ac.cput.assignment1.YasmeenClassTest
testFailure  Time elapsed: 0.015 s  <<< FAILURE!
org.opentest4j.AssertionFailedError: This test must fail.
	at za.ac.cput.assignment1.YasmeenClassTest.testFailure(YasmeenClassTest.java:69)

